2025-11-24 23:55:44,531 - ERROR - 配置文件 config.json 不存在
2025-11-24 23:55:44,535 - INFO - 已创建默认配置文件，请修改 config.json
2025-11-24 23:58:13,421 - INFO - 未找到历史记录文件，将创建新文件
2025-11-24 23:58:13,421 - ERROR - wxauto库未安装，无法控制微信
2025-11-24 23:58:13,421 - INFO - B站视频监控器启动...
2025-11-24 23:58:13,421 - ERROR - 微信控制不可用，程序退出
2025-11-25 00:01:47,961 - INFO - 配置文件加载成功
2025-11-25 00:01:47,962 - INFO - 未找到历史记录文件，将创建新文件
2025-11-25 00:01:47,962 - ERROR - wxauto库未安装，无法控制微信
2025-11-25 00:01:47,962 - INFO - B站视频监控器启动...
2025-11-25 00:01:47,962 - ERROR - 微信控制不可用，程序退出
2025-11-25 00:02:31,232 - INFO - 配置文件加载成功
2025-11-25 00:02:31,233 - INFO - 未找到历史记录文件，将创建新文件
2025-11-25 00:02:31,233 - ERROR - wxauto库未安装，无法控制微信
2025-11-25 00:02:31,233 - INFO - B站视频监控器启动...
2025-11-25 00:02:31,233 - ERROR - 微信控制不可用，程序退出
2025-11-25 00:02:33,700 - INFO - 配置文件加载成功
2025-11-25 00:02:33,700 - INFO - 未找到历史记录文件，将创建新文件
2025-11-25 00:02:33,700 - ERROR - wxauto库未安装，无法控制微信
2025-11-25 00:02:33,700 - INFO - B站视频监控器启动...
2025-11-25 00:02:33,701 - ERROR - 微信控制不可用，程序退出
2025-11-25 00:02:35,034 - INFO - 配置文件加载成功
2025-11-25 00:02:35,034 - INFO - 未找到历史记录文件，将创建新文件
2025-11-25 00:02:35,034 - ERROR - wxauto库未安装，无法控制微信
2025-11-25 00:02:35,034 - INFO - B站视频监控器启动...
2025-11-25 00:02:35,034 - ERROR - 微信控制不可用，程序退出
2025-11-25 00:03:29,230 - INFO - 配置文件加载成功
2025-11-25 00:03:29,231 - INFO - 未找到历史记录文件，将创建新文件
2025-11-25 00:03:29,231 - ERROR - wxauto库未安装，无法控制微信
2025-11-25 00:03:29,231 - INFO - B站视频监控器启动...
2025-11-25 00:03:29,231 - ERROR - 微信控制不可用，程序退出
2025-11-25 00:07:24,675 - INFO - 配置文件加载成功
2025-11-25 00:07:24,675 - INFO - 未找到历史记录文件，将创建新文件
2025-11-25 00:07:24,675 - ERROR - wxauto库未安装，无法控制微信
2025-11-25 00:07:24,676 - INFO - B站视频监控器启动...
2025-11-25 00:07:24,676 - ERROR - 微信控制不可用，程序退出
2025-11-25 00:08:49,027 - INFO - 配置文件加载成功
2025-11-25 00:08:49,027 - INFO - 未找到历史记录文件，将创建新文件
2025-11-25 00:08:49,027 - INFO - B站监控器初始化完成
2025-11-25 00:08:49,027 - INFO - === B站视频监控器启动 ===
2025-11-25 00:08:49,028 - INFO - 监控关键词: ['李光耀', '莫提丝']
2025-11-25 00:08:49,028 - INFO - 目标关键词: ['教程', '入门', '实战']
2025-11-25 00:08:49,028 - INFO - 微信联系人: Fqt
2025-11-25 00:08:49,028 - INFO - 开始检查B站视频...
2025-11-25 00:08:49,028 - INFO - 搜索关键词: 李光耀
2025-11-25 00:08:49,394 - ERROR - 搜索失败: 412 Client Error: Precondition Failed for url: https://api.bilibili.com/x/web-interface/search/type?search_type=video&keyword=%E6%9D%8E%E5%85%89%E8%80%80&page=1&page_size=20
2025-11-25 00:08:51,394 - INFO - 搜索关键词: 莫提丝
2025-11-25 00:08:51,465 - ERROR - 搜索失败: 412 Client Error: Precondition Failed for url: https://api.bilibili.com/x/web-interface/search/type?search_type=video&keyword=%E8%8E%AB%E6%8F%90%E4%B8%9D&page=1&page_size=20
2025-11-25 00:08:53,466 - INFO - 本轮检查未发现新视频
2025-11-25 00:08:53,477 - INFO - 定时检查已设置: 每 300 秒一次
2025-11-25 00:08:53,478 - INFO - 按 Ctrl+C 停止监控
2025-11-25 00:09:20,207 - INFO - 配置文件加载成功
2025-11-25 00:09:20,208 - INFO - 未找到历史记录文件，将创建新文件
2025-11-25 00:09:20,208 - INFO - B站监控器初始化完成
2025-11-25 00:09:20,208 - INFO - === B站视频监控器启动 ===
2025-11-25 00:09:20,208 - INFO - 监控关键词: ['李光耀', '莫提丝']
2025-11-25 00:09:20,208 - INFO - 目标关键词: ['教程', '入门', '实战']
2025-11-25 00:09:20,208 - INFO - 微信联系人: Fqt
2025-11-25 00:09:20,209 - INFO - 开始检查B站视频...
2025-11-25 00:09:20,209 - INFO - 搜索关键词: 李光耀
2025-11-25 00:09:20,528 - ERROR - 搜索失败: 412 Client Error: Precondition Failed for url: https://api.bilibili.com/x/web-interface/search/type?search_type=video&keyword=%E6%9D%8E%E5%85%89%E8%80%80&page=1&page_size=20
2025-11-25 00:09:22,529 - INFO - 搜索关键词: 莫提丝
2025-11-25 00:09:22,606 - ERROR - 搜索失败: 412 Client Error: Precondition Failed for url: https://api.bilibili.com/x/web-interface/search/type?search_type=video&keyword=%E8%8E%AB%E6%8F%90%E4%B8%9D&page=1&page_size=20
2025-11-25 00:09:24,607 - INFO - 本轮检查未发现新视频
2025-11-25 00:09:24,608 - INFO - 定时检查已设置: 每 300 秒一次
2025-11-25 00:09:24,608 - INFO - 按 Ctrl+C 停止监控
2025-11-25 00:09:27,427 - INFO - 监控器被用户停止
2025-11-25 00:13:43,631 - INFO - 配置文件加载成功
2025-11-25 00:13:43,631 - INFO - 高级B站监控器初始化完成
2025-11-25 00:13:43,632 - INFO - === 高级B站监控器启动 ===
2025-11-25 00:13:43,632 - INFO - 开始检查B站视频...
2025-11-25 00:13:43,632 - INFO - 搜索关键词: 李光耀
2025-11-25 00:13:48,123 - INFO - 从HTML解析到 0 个视频
2025-11-25 00:13:48,123 - WARNING - 未找到关键词 '李光耀' 的视频
2025-11-25 00:13:48,123 - INFO - 搜索关键词: 莫提丝
2025-11-25 00:13:53,819 - INFO - 从HTML解析到 0 个视频
2025-11-25 00:13:53,820 - WARNING - 未找到关键词 '莫提丝' 的视频
2025-11-25 00:13:53,820 - INFO - 未发现新视频
2025-11-25 00:13:53,821 - INFO - 定时检查: 每 300 秒一次
2025-11-25 00:14:56,450 - INFO - 配置文件加载成功
2025-11-25 00:14:56,451 - INFO - 高级B站监控器初始化完成
2025-11-25 00:14:56,451 - INFO - === 高级B站监控器启动 ===
2025-11-25 00:14:56,451 - INFO - 开始检查B站视频...
2025-11-25 00:14:56,451 - INFO - 搜索关键词: 李光耀
2025-11-25 00:14:59,733 - INFO - 从HTML解析到 0 个视频
2025-11-25 00:14:59,733 - WARNING - 未找到关键词 '李光耀' 的视频
2025-11-25 00:14:59,733 - INFO - 搜索关键词: 莫提丝
2025-11-25 00:15:05,119 - INFO - 从HTML解析到 0 个视频
2025-11-25 00:15:05,120 - WARNING - 未找到关键词 '莫提丝' 的视频
2025-11-25 00:15:05,120 - INFO - 未发现新视频
2025-11-25 00:15:05,120 - INFO - 定时检查: 每 300 秒一次
2025-11-25 00:15:24,316 - INFO - 配置文件加载成功
2025-11-25 00:15:24,316 - INFO - 高级B站监控器初始化完成
2025-11-25 00:15:24,317 - INFO - === 高级B站监控器启动 ===
2025-11-25 00:15:24,317 - INFO - 开始检查B站视频...
2025-11-25 00:15:24,317 - INFO - 搜索关键词: Python编程
2025-11-25 00:15:27,619 - INFO - 从HTML解析到 0 个视频
2025-11-25 00:15:27,619 - WARNING - 未找到关键词 'Python编程' 的视频
2025-11-25 00:15:27,620 - INFO - 搜索关键词: 人工智能
2025-11-25 00:15:32,239 - INFO - 从HTML解析到 0 个视频
2025-11-25 00:15:32,239 - WARNING - 未找到关键词 '人工智能' 的视频
2025-11-25 00:15:32,239 - INFO - 搜索关键词: 机器学习
2025-11-25 00:15:37,669 - INFO - 从HTML解析到 0 个视频
2025-11-25 00:15:37,669 - WARNING - 未找到关键词 '机器学习' 的视频
2025-11-25 00:15:37,670 - INFO - 未发现新视频
2025-11-25 00:15:37,670 - INFO - 定时检查: 每 600 秒一次
2025-11-25 00:16:13,134 - INFO - 配置文件加载成功
2025-11-25 00:16:13,134 - INFO - 未找到历史记录文件，将创建新文件
2025-11-25 00:16:13,135 - INFO - B站监控器初始化完成
2025-11-25 00:16:13,135 - INFO - === B站视频监控器启动 ===
2025-11-25 00:16:13,135 - INFO - 监控关键词: ['Python教程', '编程学习']
2025-11-25 00:16:13,135 - INFO - 目标关键词: ['教程', '入门', '基础']
2025-11-25 00:16:13,135 - INFO - 微信联系人: 文件传输助手
2025-11-25 00:16:13,135 - INFO - 开始检查B站视频...
2025-11-25 00:16:13,135 - INFO - 搜索关键词: Python教程
2025-11-25 00:16:13,482 - ERROR - 搜索失败: 412 Client Error: Precondition Failed for url: https://api.bilibili.com/x/web-interface/search/type?search_type=video&keyword=Python%E6%95%99%E7%A8%8B&page=1&page_size=5
2025-11-25 00:16:15,483 - INFO - 搜索关键词: 编程学习
2025-11-25 00:16:15,549 - ERROR - 搜索失败: 412 Client Error: Precondition Failed for url: https://api.bilibili.com/x/web-interface/search/type?search_type=video&keyword=%E7%BC%96%E7%A8%8B%E5%AD%A6%E4%B9%A0&page=1&page_size=5
2025-11-25 00:16:17,550 - INFO - 本轮检查未发现新视频
2025-11-25 00:16:17,551 - INFO - 定时检查已设置: 每 1800 秒一次
2025-11-25 00:16:17,551 - INFO - 按 Ctrl+C 停止监控
2025-11-25 00:17:54,140 - INFO - 配置文件加载成功
2025-11-25 00:17:54,140 - INFO - 高级B站监控器初始化完成
2025-11-25 00:17:54,141 - INFO - === 高级B站监控器启动 ===
2025-11-25 00:17:54,141 - INFO - 开始检查B站视频...
2025-11-25 00:17:54,141 - INFO - 搜索关键词: Python教程
2025-11-25 00:17:59,740 - INFO - 从HTML解析到 0 个视频
2025-11-25 00:17:59,740 - WARNING - 未找到关键词 'Python教程' 的视频
2025-11-25 00:17:59,740 - INFO - 搜索关键词: 编程学习
2025-11-25 00:18:04,902 - INFO - 从HTML解析到 0 个视频
2025-11-25 00:18:04,903 - WARNING - 未找到关键词 '编程学习' 的视频
2025-11-25 00:18:04,903 - INFO - 未发现新视频
2025-11-25 00:18:04,903 - INFO - 定时检查: 每 1800 秒一次
2025-11-25 00:19:47,035 - INFO - 配置文件加载成功
2025-11-25 00:19:47,036 - INFO - 无历史记录文件
2025-11-25 00:19:47,036 - INFO - 高级B站监控器初始化完成
2025-11-25 00:19:47,036 - INFO - === 高级B站监控器启动 ===
2025-11-25 00:19:47,036 - INFO - 搜索关键词: ['Python教程', '编程学习']
2025-11-25 00:19:47,036 - INFO - 监控关键词: ['教程', '入门', '基础']
2025-11-25 00:19:47,037 - INFO - 微信联系人: 文件传输助手
2025-11-25 00:19:47,037 - INFO - 开始检查B站视频...
2025-11-25 00:19:47,037 - INFO - 使用网页搜索方式搜索: Python教程
2025-11-25 00:19:47,037 - INFO - 等待 6.9 秒后搜索...
2025-11-25 00:19:53,913 - INFO - 发送搜索请求: Python教程
2025-11-25 00:19:54,999 - INFO - 找到 50 个视频块
2025-11-25 00:19:55,000 - INFO - 从网页搜索解析到 0 个视频
2025-11-25 00:19:55,000 - WARNING - 未找到关键词 'Python教程' 的视频
2025-11-25 00:19:55,001 - INFO - 使用网页搜索方式搜索: 编程学习
2025-11-25 00:19:55,001 - INFO - 等待 4.0 秒后搜索...
2025-11-25 00:19:59,026 - INFO - 发送搜索请求: 编程学习
2025-11-25 00:20:00,063 - INFO - 找到 42 个视频块
2025-11-25 00:20:00,068 - INFO - 从网页搜索解析到 0 个视频
2025-11-25 00:20:00,069 - WARNING - 未找到关键词 '编程学习' 的视频
2025-11-25 00:20:00,069 - INFO - 未发现匹配的新视频
2025-11-25 00:20:00,070 - INFO - 定时检查: 每 1800 秒一次
2025-11-25 00:20:00,070 - INFO - 按 Ctrl+C 停止监控
2025-11-25 00:20:43,441 - INFO - 配置文件加载成功
2025-11-25 00:20:43,442 - INFO - 无历史记录文件
2025-11-25 00:20:43,442 - INFO - 高级B站监控器初始化完成
2025-11-25 00:20:43,442 - INFO - === 高级B站监控器启动 ===
2025-11-25 00:20:43,442 - INFO - 搜索关键词: ['Python教程', '编程学习']
2025-11-25 00:20:43,442 - INFO - 监控关键词: ['教程', '入门', '基础']
2025-11-25 00:20:43,442 - INFO - 微信联系人: 文件传输助手
2025-11-25 00:20:43,442 - INFO - 开始检查B站视频...
2025-11-25 00:20:43,442 - INFO - 使用网页搜索方式搜索: Python教程
2025-11-25 00:20:43,443 - INFO - 等待 6.0 秒后搜索...
2025-11-25 00:20:49,401 - INFO - 发送搜索请求: Python教程
2025-11-25 00:20:50,432 - INFO - 找到 50 个视频块
2025-11-25 00:20:50,433 - INFO - 从网页搜索解析到 0 个视频
2025-11-25 00:20:50,434 - WARNING - 未找到关键词 'Python教程' 的视频
2025-11-25 00:20:50,434 - INFO - 使用网页搜索方式搜索: 编程学习
2025-11-25 00:20:50,435 - INFO - 等待 5.1 秒后搜索...
2025-11-25 00:20:55,558 - INFO - 发送搜索请求: 编程学习
2025-11-25 00:20:56,687 - INFO - 找到 42 个视频块
2025-11-25 00:20:56,687 - INFO - 从网页搜索解析到 0 个视频
2025-11-25 00:20:56,687 - WARNING - 未找到关键词 '编程学习' 的视频
2025-11-25 00:20:56,688 - INFO - 未发现匹配的新视频
2025-11-25 00:20:56,688 - INFO - 定时检查: 每 1800 秒一次
2025-11-25 00:20:56,688 - INFO - 按 Ctrl+C 停止监控
2025-11-25 00:22:03,234 - INFO - 监控器被用户停止
2025-11-25 00:22:06,757 - INFO - 配置文件加载成功
2025-11-25 00:22:06,757 - INFO - 无历史记录文件
2025-11-25 00:22:06,757 - INFO - 高级B站监控器初始化完成
2025-11-25 00:22:06,757 - INFO - === 高级B站监控器启动 ===
2025-11-25 00:22:06,757 - INFO - 搜索关键词: ['Python教程', '编程学习']
2025-11-25 00:22:06,757 - INFO - 监控关键词: ['教程', '入门', '基础']
2025-11-25 00:22:06,757 - INFO - 微信联系人: 文件传输助手
2025-11-25 00:22:06,758 - INFO - 开始检查B站视频...
2025-11-25 00:22:06,758 - INFO - 使用网页搜索方式搜索: Python教程
2025-11-25 00:22:06,758 - INFO - 等待 5.4 秒后搜索...
2025-11-25 00:22:12,131 - INFO - 发送搜索请求: Python教程
2025-11-25 00:22:13,167 - INFO - 找到 50 个视频块
2025-11-25 00:22:13,168 - INFO - 从网页搜索解析到 0 个视频
2025-11-25 00:22:13,168 - WARNING - 未找到关键词 'Python教程' 的视频
2025-11-25 00:22:13,168 - INFO - 使用网页搜索方式搜索: 编程学习
2025-11-25 00:22:13,168 - INFO - 等待 7.9 秒后搜索...
2025-11-25 00:22:21,117 - INFO - 发送搜索请求: 编程学习
2025-11-25 00:22:22,335 - INFO - 找到 42 个视频块
2025-11-25 00:22:22,336 - INFO - 从网页搜索解析到 0 个视频
2025-11-25 00:22:22,336 - WARNING - 未找到关键词 '编程学习' 的视频
2025-11-25 00:22:22,337 - INFO - 未发现匹配的新视频
2025-11-25 00:22:22,337 - INFO - 定时检查: 每 1800 秒一次
2025-11-25 00:22:22,337 - INFO - 按 Ctrl+C 停止监控
