\BOOKMARK [1][-]{section.1}{\376\377\134\017\167\345\213\306\131\047\147\102\160\351\377\010\0004\0000\122\006\377\011}{}% 1
\BOOKMARK [1][-]{section.2}{\376\377\145\260\167\345\116\007\202\261\173\122\000\050\0006\0000\122\006\000\051}{}% 2
\BOOKMARK [2][-]{subsection.2.1}{\376\377\121\111\121\150\140\157\147\057}{section.2}% 3
\BOOKMARK [3][-]{subsubsection.2.1.1}{\376\377\121\306\131\007\135\345\117\134}{subsection.2.1}% 4
\BOOKMARK [3][-]{subsubsection.2.1.2}{\376\377\230\230\166\356\121\205\133\271}{subsection.2.1}% 5
\BOOKMARK [2][-]{subsection.2.2}{\376\377\150\074\154\342\116\113\202\036\377\032\116\316\123\237\133\120\143\057\122\250\122\060\146\166\117\123\160\355\133\271\166\204\164\006\213\272\143\242\175\042}{section.2}% 6
\BOOKMARK [3][-]{subsubsection.2.2.1}{\376\377\147\000\173\200\123\125\166\204\152\041\127\213\040\024\040\024\116\000\176\364\123\125\123\237\133\120\224\376\000\040\000\050\0001\0005\122\006\000\051}{subsection.2.2}% 7
\BOOKMARK [3][-]{subsubsection.2.2.2}{\376\377\146\364\217\333\116\000\153\145\040\024\040\024\116\000\176\364\123\314\123\237\133\120\224\376\000\040\000\050\0002\0000\122\006\000\051}{subsection.2.2}% 8
\BOOKMARK [3][-]{subsubsection.2.2.3}{\376\377\116\316\150\074\154\342\122\060\160\355\133\271\040\024\040\024\137\267\142\334\152\041\127\213\166\204\124\057\171\072\000\040\000\050\0002\0000\122\006\000\051}{subsection.2.2}% 9
\BOOKMARK [3][-]{subsubsection.2.2.4}{\376\377\140\073\176\323\116\016\123\107\123\116\000\040\000\050\0005\122\006\000\051}{subsection.2.2}% 10
\BOOKMARK [1][-]{section.3}{\376\377\230\323\230\316\040\034\172\331\040\035\233\102\377\010\0004\0000\122\006\377\011}{}% 11
\BOOKMARK [2][-]{subsection.3.1}{\376\377\131\051\117\123\172\063\133\232\140\047\170\024\172\166}{section.3}% 12
\BOOKMARK [2][-]{subsection.3.2}{\376\377\226\100\207\272\166\204\172\063\133\232\140\047\170\024\172\166}{section.3}% 13
\BOOKMARK [1][-]{section.4}{\376\377\000\040\147\000\122\035\166\204\162\151\164\006\377\010\0004\0000\122\006\377\011}{}% 14
\BOOKMARK [2][-]{subsection.4.1}{\376\377\137\000\146\156\122\322\116\011\133\232\137\213\116\016\162\133\230\177\116\011\133\232\137\213\127\372\147\054\121\205\133\271}{section.4}% 15
\BOOKMARK [2][-]{subsection.4.2}{\376\377\227\142\171\357\133\232\137\213}{section.4}% 16
\BOOKMARK [2][-]{subsection.4.3}{\376\377\121\306\131\007\135\345\117\134}{section.4}% 17
\BOOKMARK [2][-]{subsection.4.4}{\376\377\137\025\122\233\133\232\137\213}{section.4}% 18
\BOOKMARK [1][-]{section.5}{\376\377\145\160\143\156\171\321\133\146\116\055\166\204\162\151\164\006\133\146\040\024\040\024\117\341\140\157\213\272\377\010\0005\0000\122\006\377\011}{}% 19
\BOOKMARK [1][-]{section.6}{\376\377\116\015\123\357\162\061\163\053\163\053\165\037\142\020\126\150\377\010\0008\0000\122\006\377\011}{}% 20
\BOOKMARK [2][-]{subsection.6.1}{\376\377\136\003\147\027\217\320\122\250}{section.6}% 21
\BOOKMARK [2][-]{subsection.6.2}{\376\377\220\316\116\113\116\007\145\271\172\013}{section.6}% 22
\BOOKMARK [2][-]{subsection.6.3}{\376\377\122\053\225\371\116\206\377\014\127\372\174\163\121\110\165\037}{section.6}% 23
\BOOKMARK [2][-]{subsection.6.4}{\376\377\000D\000i\000f\000f\000u\000s\000i\000o\000n\000\040\000m\000o\000d\000e\000l}{section.6}% 24
\BOOKMARK [1][-]{section.7}{\376\377\165\065\133\120\166\204\155\237\157\052\000\050\0008\0000\122\006\000\051}{}% 25
\BOOKMARK [2][-]{subsection.7.1}{\376\377\145\160\133\146\127\372\170\100}{section.7}% 26
\BOOKMARK [2][-]{subsection.7.2}{\376\377\236\246\121\113\145\257\227\346\145\271\172\013\176\304}{section.7}% 27
\BOOKMARK [2][-]{subsection.7.3}{\376\377\122\277\116\016\127\072}{section.7}% 28
\BOOKMARK [2][-]{subsection.7.4}{\376\377\147\116\176\263\000-\176\364\214\042\134\024\122\277}{section.7}% 29
\BOOKMARK [1][-]{section.8}{\376\377\145\366\172\172\166\204\133\371\171\360\140\047\000\050\0008\0000\122\006\000\051}{}% 30
\BOOKMARK [2][-]{subsection.8.1}{\376\377\166\370\133\371\140\047\123\237\164\006\377\032\133\371\116\000\122\007\140\357\140\047\123\302\200\003\174\373\377\014\122\233\133\146\133\232\137\213\166\370\124\014\000\050\0001\0004\122\006\000\051}{section.8}% 31
\BOOKMARK [3][-]{subsubsection.8.1.1}{\376\377\176\335\133\371\145\366\172\172\211\302}{subsection.8.1}% 32
\BOOKMARK [3][-]{subsubsection.8.1.2}{\376\377\121\111\220\037\116\015\123\330\116\016\145\260\145\366\172\172\211\302}{subsection.8.1}% 33
\BOOKMARK [2][-]{subsection.8.2}{\376\377\225\365\123\357\131\053\145\257\127\372\145\366\172\172\000\050\0001\0000\122\006\000\051}{section.8}% 34
\BOOKMARK [3][-]{subsubsection.8.2.1}{\376\377\145\366\172\172\166\204\121\340\117\125\176\323\147\204}{subsection.8.2}% 35
\BOOKMARK [3][-]{subsubsection.8.2.2}{\376\377\127\120\150\007\174\373\116\016\136\246\221\317}{subsection.8.2}% 36
\BOOKMARK [2][-]{subsection.8.3}{\376\377\133\371\171\360\140\047\116\016\000K\167\342\221\317\127\072\000\050\0001\0000\122\006\000\051}{section.8}% 37
\BOOKMARK [2][-]{subsection.8.4}{\376\377\140\357\140\047\217\320\122\250\116\016\133\210\140\122\221\317\000\050\0002\0004\122\006\000\051}{section.8}% 38
\BOOKMARK [2][-]{subsection.8.5}{\376\377\123\362\164\346\211\177\145\366\172\172\000\050\0001\0000\122\006\000\051}{section.8}% 39
\BOOKMARK [2][-]{subsection.8.6}{\376\377\146\037\121\111\120\117\142\230\000\050\0001\0002\122\006\000\051}{section.8}% 40
