2025-11-25 00:25:23,343 - INFO - 配置文件加载成功
2025-11-25 00:25:23,343 - INFO - 无历史记录文件
2025-11-25 00:25:23,343 - INFO - 简单B站监控器初始化完成
2025-11-25 00:25:23,343 - INFO - 🚀 简单B站监控器启动
2025-11-25 00:25:23,344 - INFO - 📝 搜索关键词: ['Python教程', '编程学习', '计算机科学']
2025-11-25 00:25:23,344 - INFO - 🎯 监控关键词: ['教程', '入门', '基础', '教学', '学习']
2025-11-25 00:25:23,344 - INFO - 💬 微信联系人: 文件传输助手
2025-11-25 00:25:23,344 - INFO - ⏰ 检查间隔: 1200 秒
2025-11-25 00:25:23,344 - INFO - ==================================================
2025-11-25 00:25:23,344 - INFO - 开始检查B站视频...
2025-11-25 00:25:23,355 - INFO - 处理关键词: Python教程
2025-11-25 00:25:23,355 - INFO - 🔍 搜索: Python教程
2025-11-25 00:25:23,355 - INFO - 人性化延迟 10.8 秒...
2025-11-25 00:25:35,244 - INFO - 发现 0 个唯一视频
2025-11-25 00:25:35,244 - INFO - 找到 0 个视频
2025-11-25 00:25:35,245 - WARNING - 未找到关键词 'Python教程' 的视频
2025-11-25 00:25:35,245 - INFO - 处理关键词: 编程学习
2025-11-25 00:25:35,245 - INFO - 🔍 搜索: 编程学习
2025-11-25 00:25:35,245 - INFO - 人性化延迟 9.2 秒...
2025-11-25 00:25:45,373 - INFO - 发现 0 个唯一视频
2025-11-25 00:25:45,374 - INFO - 找到 0 个视频
2025-11-25 00:25:45,374 - WARNING - 未找到关键词 '编程学习' 的视频
2025-11-25 00:25:45,374 - INFO - 处理关键词: 计算机科学
2025-11-25 00:25:45,374 - INFO - 🔍 搜索: 计算机科学
2025-11-25 00:25:45,374 - INFO - 人性化延迟 11.9 秒...
2025-11-25 00:25:58,382 - INFO - 发现 0 个唯一视频
2025-11-25 00:25:58,383 - INFO - 找到 0 个视频
2025-11-25 00:25:58,383 - WARNING - 未找到关键词 '计算机科学' 的视频
2025-11-25 00:25:58,383 - INFO - ℹ️  本轮未发现匹配的新视频
2025-11-25 00:25:58,384 - INFO - 本轮检查完成
2025-11-25 00:25:58,384 - INFO - ==================================================
2025-11-25 00:25:58,384 - INFO - 🔄 定时检查已设置: 每 1200 秒一次
2025-11-25 00:25:58,384 - INFO - ⏹️  按 Ctrl+C 停止监控
2025-11-25 00:26:56,589 - INFO - 🛑 监控器被用户停止
2025-11-25 00:26:59,008 - INFO - 配置文件加载成功
2025-11-25 00:26:59,009 - INFO - 无历史记录文件
2025-11-25 00:26:59,009 - INFO - 简单B站监控器初始化完成
2025-11-25 00:26:59,009 - INFO - 🚀 简单B站监控器启动
2025-11-25 00:26:59,009 - INFO - 📝 搜索关键词: ['Python教程', '编程学习', '计算机科学']
2025-11-25 00:26:59,009 - INFO - 🎯 监控关键词: ['教程', '入门', '基础', '教学', '学习']
2025-11-25 00:26:59,009 - INFO - 💬 微信联系人: 文件传输助手
2025-11-25 00:26:59,009 - INFO - ⏰ 检查间隔: 1200 秒
2025-11-25 00:26:59,009 - INFO - ==================================================
2025-11-25 00:26:59,009 - INFO - 开始检查B站视频...
2025-11-25 00:26:59,009 - INFO - 处理关键词: Python教程
2025-11-25 00:26:59,009 - INFO - 🔍 搜索: Python教程
2025-11-25 00:26:59,010 - INFO - 人性化延迟 9.9 秒...
2025-11-25 00:27:09,978 - INFO - 发现 0 个唯一视频
2025-11-25 00:27:09,978 - INFO - 找到 0 个视频
2025-11-25 00:27:09,979 - WARNING - 未找到关键词 'Python教程' 的视频
2025-11-25 00:27:09,979 - INFO - 处理关键词: 编程学习
2025-11-25 00:27:09,979 - INFO - 🔍 搜索: 编程学习
2025-11-25 00:27:09,979 - INFO - 人性化延迟 11.6 秒...
2025-11-25 00:27:22,683 - INFO - 发现 0 个唯一视频
2025-11-25 00:27:22,683 - INFO - 找到 0 个视频
2025-11-25 00:27:22,683 - WARNING - 未找到关键词 '编程学习' 的视频
2025-11-25 00:27:22,683 - INFO - 处理关键词: 计算机科学
2025-11-25 00:27:22,684 - INFO - 🔍 搜索: 计算机科学
2025-11-25 00:27:22,684 - INFO - 人性化延迟 10.3 秒...
2025-11-25 00:27:34,095 - INFO - 发现 0 个唯一视频
2025-11-25 00:27:34,095 - INFO - 找到 0 个视频
2025-11-25 00:27:34,096 - WARNING - 未找到关键词 '计算机科学' 的视频
2025-11-25 00:27:34,096 - INFO - ℹ️  本轮未发现匹配的新视频
2025-11-25 00:27:34,096 - INFO - 本轮检查完成
2025-11-25 00:27:34,097 - INFO - ==================================================
2025-11-25 00:27:34,097 - INFO - 🔄 定时检查已设置: 每 1200 秒一次
2025-11-25 00:27:34,097 - INFO - ⏹️  按 Ctrl+C 停止监控
2025-11-25 00:27:46,203 - INFO - 🛑 监控器被用户停止
2025-11-25 00:29:57,094 - INFO - 配置文件加载成功
2025-11-25 00:29:57,094 - INFO - 简单B站监控器初始化完成
2025-11-25 00:29:57,094 - INFO - 🚀 B站视频推荐器启动
2025-11-25 00:29:57,094 - INFO - 📝 搜索关键词: ['Python教程', '编程学习', '计算机科学']
2025-11-25 00:29:57,094 - INFO - 💬 微信联系人: 文件传输助手
2025-11-25 00:29:57,094 - INFO - 📤 每次发送: 3 个视频
2025-11-25 00:29:57,095 - INFO - ⏰ 检查间隔: 1800 秒
2025-11-25 00:29:57,095 - INFO - 开始检查并发送视频...
2025-11-25 00:29:57,095 - INFO - 处理关键词: Python教程
2025-11-25 00:29:57,095 - INFO - 搜索: Python教程
2025-11-25 00:30:01,808 - WARNING - 触发风控，等待后重试...
2025-11-25 00:30:31,809 - INFO - 搜索: Python教程
2025-11-25 00:30:35,914 - WARNING - 触发风控，等待后重试...
2025-11-25 00:31:05,914 - INFO - 搜索: Python教程
2025-11-25 00:31:08,377 - WARNING - 触发风控，等待后重试...
2025-11-25 00:31:22,613 - INFO - 配置文件加载成功
2025-11-25 00:31:22,613 - INFO - 简单B站监控器初始化完成
2025-11-25 00:31:22,613 - INFO - 🚀 B站视频推荐器启动
2025-11-25 00:31:22,614 - INFO - 📝 搜索关键词: ['Python教程', '编程学习', '计算机科学']
2025-11-25 00:31:22,614 - INFO - 💬 微信联系人: 文件传输助手
2025-11-25 00:31:22,614 - INFO - 📤 每次发送: 3 个视频
2025-11-25 00:31:22,614 - INFO - ⏰ 检查间隔: 1800 秒
2025-11-25 00:31:22,614 - INFO - 开始检查并发送视频...
2025-11-25 00:31:22,614 - INFO - 处理关键词: Python教程
2025-11-25 00:31:22,614 - INFO - 搜索: Python教程
2025-11-25 00:31:25,530 - WARNING - 触发风控，等待后重试...
2025-11-25 00:31:45,671 - INFO - 配置文件加载成功
2025-11-25 00:31:45,672 - INFO - 简单B站监控器初始化完成
2025-11-25 00:31:45,672 - INFO - 🚀 B站视频推荐器启动
2025-11-25 00:31:45,672 - INFO - 📝 搜索关键词: ['Python教程', '编程学习', '计算机科学']
2025-11-25 00:31:45,672 - INFO - 💬 微信联系人: 文件传输助手
2025-11-25 00:31:45,672 - INFO - 📤 每次发送: 3 个视频
2025-11-25 00:31:45,672 - INFO - ⏰ 检查间隔: 1800 秒
2025-11-25 00:31:45,672 - INFO - 开始检查并发送视频...
2025-11-25 00:31:45,672 - INFO - 处理关键词: Python教程
2025-11-25 00:31:45,672 - INFO - 搜索: Python教程
2025-11-25 00:31:49,334 - WARNING - 触发风控，等待后重试...
2025-11-25 00:32:19,335 - INFO - 搜索: Python教程
2025-11-25 00:32:22,183 - WARNING - 触发风控，等待后重试...
2025-11-25 00:32:52,184 - INFO - 搜索: Python教程
2025-11-25 00:32:56,162 - WARNING - 触发风控，等待后重试...
